<?xml version="1.0" encoding="UTF-8"?>
<!-- Generated by org.testng.reporters.JUnitReportReporter -->
<testsuite hostname="DESKTOP-57N6IEL" failures="0" tests="1" name="seleniumpracticepackage.GetAttributeGetTextDemo" time="38.294" errors="0" timestamp="2023-03-05T16:22:43 IST" skipped="0">
  <testcase classname="seleniumpracticepackage.GetAttributeGetTextDemo" name="loginMethod" time="38.294"/>
  <system-out/>
</testsuite> <!-- seleniumpracticepackage.GetAttributeGetTextDemo -->
