<?xml version="1.0" encoding="UTF-8"?>
<!-- Generated by org.testng.reporters.JUnitReportReporter -->
<testsuite hostname="DESKTOP-57N6IEL" failures="0" tests="1" name="selenium1.DemoUrl3EdgeBrowser" time="20.694" errors="0" timestamp="2023-03-15T22:07:11 IST" skipped="0">
  <testcase classname="selenium1.DemoUrl3EdgeBrowser" name="samplemethod" time="20.694"/>
  <system-out/>
</testsuite> <!-- selenium1.DemoUrl3EdgeBrowser -->
