<?xml version="1.0" encoding="UTF-8"?>
<!-- Generated by org.testng.reporters.JUnitReportReporter -->
<testsuite hostname="DESKTOP-57N6IEL" failures="0" tests="1" name="seleniumpracticepackage.FluentWaitPracticeFindBy2" time="5.486" errors="0" timestamp="2023-02-24T12:05:32 IST" skipped="0">
  <testcase classname="seleniumpracticepackage.FluentWaitPracticeFindBy2" name="loginMethod" time="5.486"/>
  <system-out/>
</testsuite> <!-- seleniumpracticepackage.FluentWaitPracticeFindBy2 -->
