<?xml version="1.0" encoding="UTF-8"?>
<!-- Generated by org.testng.reporters.JUnitReportReporter -->
<testsuite hostname="DESKTOP-57N6IEL" failures="0" tests="3" name="testNg.ParallelClass2" time="0.024" errors="0" timestamp="2023-01-30T19:03:33 IST" skipped="0">
  <testcase classname="testNg.ParallelClass2" name="method6" time="0.005"/>
  <system-out/>
  <testcase classname="testNg.ParallelClass2" name="method4" time="0.012"/>
  <system-out/>
  <testcase classname="testNg.ParallelClass2" name="method5" time="0.007"/>
  <system-out/>
</testsuite> <!-- testNg.ParallelClass2 -->
