<?xml version="1.0" encoding="UTF-8"?>
<!-- Generated by org.testng.reporters.JUnitReportReporter -->
<testsuite hostname="DESKTOP-57N6IEL" failures="0" tests="8" name="testNg.AllAnnotations" time="0.067" errors="0" timestamp="2023-01-26T07:00:55 IST" skipped="0">
  <testcase classname="testNg.AllAnnotations" name="testmethod" time="0.005"/>
  <system-out/>
  <testcase classname="testNg.AllAnnotations" name="testmethod3" time="0.005"/>
  <system-out/>
  <testcase classname="testNg.AllAnnotations" name="testmethod3" time="0.006"/>
  <system-out/>
  <testcase classname="testNg.AllAnnotations" name="testmethod3" time="0.017"/>
  <system-out/>
  <testcase classname="testNg.AllAnnotations" name="testmethod3" time="0.006"/>
  <system-out/>
  <testcase classname="testNg.AllAnnotations" name="testmethod1" time="0.007"/>
  <system-out/>
  <testcase classname="testNg.AllAnnotations" name="testmethod2" time="0.005"/>
  <system-out/>
  <testcase classname="testNg.AllAnnotations" name="testmethod3" time="0.016"/>
  <system-out/>
</testsuite> <!-- testNg.AllAnnotations -->
