<?xml version="1.0" encoding="UTF-8"?>
<!-- Generated by org.testng.reporters.JUnitReportReporter -->
<testsuite hostname="DESKTOP-57N6IEL" failures="0" tests="1" name="selenium1.SeleniumDemo_FindByClass" time="19.660" errors="0" timestamp="2023-02-22T21:04:59 IST" skipped="0">
  <testcase classname="selenium1.SeleniumDemo_FindByClass" name="loginMethod" time="19.660"/>
  <system-out/>
</testsuite> <!-- selenium1.SeleniumDemo_FindByClass -->
