<?xml version="1.0" encoding="UTF-8"?>
<!-- Generated by org.testng.reporters.JUnitReportReporter -->
<testsuite hostname="DESKTOP-57N6IEL" failures="0" tests="1" name="seleniumpracticepackage.Selenium_FluentWaitPracticeProgram" time="20.785" errors="0" timestamp="2023-02-22T22:08:43 IST" skipped="0">
  <testcase classname="seleniumpracticepackage.Selenium_FluentWaitPracticeProgram" name="fluentWaitMerhod" time="20.785"/>
  <system-out/>
</testsuite> <!-- seleniumpracticepackage.Selenium_FluentWaitPracticeProgram -->
