<?xml version="1.0" encoding="UTF-8"?>
<!-- Generated by org.testng.reporters.JUnitReportReporter -->
<testsuite hostname="DESKTOP-57N6IEL" failures="0" tests="1" name="selenium1.SoftAssertPractice" time="5.681" errors="0" timestamp="2023-03-10T11:16:23 IST" skipped="0">
  <testcase classname="selenium1.SoftAssertPractice" name="loadURL_Login" time="5.681"/>
  <system-out/>
</testsuite> <!-- selenium1.SoftAssertPractice -->
