<?xml version="1.0" encoding="UTF-8"?>
<!-- Generated by org.testng.reporters.JUnitReportReporter -->
<testsuite hostname="DESKTOP-57N6IEL" failures="0" tests="1" name="seleniumpracticepackage.FindByPractice_DemoUrl2" time="6.080" errors="0" timestamp="2023-03-05T17:02:48 IST" skipped="0">
  <testcase classname="seleniumpracticepackage.FindByPractice_DemoUrl2" name="exampleUrl_FluentWait_FindBy" time="6.080"/>
  <system-out/>
</testsuite> <!-- seleniumpracticepackage.FindByPractice_DemoUrl2 -->
