<?xml version="1.0" encoding="UTF-8"?>
<!-- Generated by org.testng.reporters.JUnitReportReporter -->
<testsuite hostname="DESKTOP-57N6IEL" failures="0" tests="1" name="selenium1.Selenium_GetOutput" time="14.502" errors="0" timestamp="2023-03-05T17:21:19 IST" skipped="0">
  <testcase classname="selenium1.Selenium_GetOutput" name="loginMethod" time="14.502"/>
  <system-out/>
</testsuite> <!-- selenium1.Selenium_GetOutput -->
