<?xml version="1.0" encoding="UTF-8"?>
<!-- Generated by org.testng.reporters.JUnitReportReporter -->
<testsuite hostname="DESKTOP-57N6IEL" failures="0" tests="2" name="testNg.DependsOnGroupExample" time="0.024" errors="0" timestamp="2023-01-26T07:29:24 IST" skipped="0">
  <testcase classname="testNg.DependsOnGroupExample" name="method1" time="0.019"/>
  <system-out/>
  <testcase classname="testNg.DependsOnGroupExample" name="method2" time="0.005"/>
  <system-out/>
</testsuite> <!-- testNg.DependsOnGroupExample -->
