<?xml version="1.0" encoding="UTF-8"?>
<!-- Generated by org.testng.reporters.JUnitReportReporter -->
<testsuite hostname="DESKTOP-57N6IEL" failures="0" tests="4" name="testNg.ChildDependsOnMethods" time="0.018" errors="0" timestamp="2023-01-25T23:04:26 IST" skipped="0">
  <testcase classname="testNg.ChildDependsOnMethods" name="method3" time="0.003"/>
  <system-out/>
  <testcase classname="testNg.ChildDependsOnMethods" name="method2" time="0.001"/>
  <system-out/>
  <testcase classname="testNg.ChildDependsOnMethods" name="method4" time="0.012"/>
  <system-out/>
  <testcase classname="testNg.ChildDependsOnMethods" name="method1" time="0.002"/>
  <system-out/>
</testsuite> <!-- testNg.ChildDependsOnMethods -->
