<?xml version="1.0" encoding="UTF-8"?>
<!-- Generated by org.testng.reporters.JUnitReportReporter -->
<testsuite hostname="DESKTOP-57N6IEL" failures="0" tests="1" name="seleniumpracticepackage.FluentWait_FindByPractice" time="12.900" errors="0" timestamp="2023-02-25T08:07:34 IST" skipped="0">
  <testcase classname="seleniumpracticepackage.FluentWait_FindByPractice" name="fluentWait_FindByMethod" time="12.900"/>
  <system-out/>
</testsuite> <!-- seleniumpracticepackage.FluentWait_FindByPractice -->
