<?xml version="1.0" encoding="UTF-8"?>
<!-- Generated by org.testng.reporters.JUnitReportReporter -->
<testsuite hostname="DESKTOP-57N6IEL" failures="0" tests="2" name="selenium1.ExtentReports2" time="0.020" errors="0" timestamp="2023-02-25T07:54:54 IST" skipped="0">
  <testcase classname="selenium1.ExtentReports2" name="functionality1Test2" time="0.002"/>
  <system-out/>
  <testcase classname="selenium1.ExtentReports2" name="functionality1Test1" time="0.018"/>
  <system-out/>
</testsuite> <!-- selenium1.ExtentReports2 -->
