<?xml version="1.0" encoding="UTF-8"?>
<!-- Generated by org.testng.reporters.JUnitReportReporter -->
<testsuite hostname="DESKTOP-57N6IEL" failures="0" tests="5" name="testNg.PriorityClass" time="0.029" errors="0" timestamp="2023-01-30T19:03:33 IST" skipped="0">
  <testcase classname="testNg.PriorityClass" name="method2" time="0.012"/>
  <system-out/>
  <testcase classname="testNg.PriorityClass" name="method5" time="0.002"/>
  <system-out/>
  <testcase classname="testNg.PriorityClass" name="method4" time="0.011"/>
  <system-out/>
  <testcase classname="testNg.PriorityClass" name="method3" time="0.002"/>
  <system-out/>
  <testcase classname="testNg.PriorityClass" name="method1" time="0.002"/>
  <system-out/>
</testsuite> <!-- testNg.PriorityClass -->
