<?xml version="1.0" encoding="UTF-8"?>
<!-- Generated by org.testng.reporters.JUnitReportReporter -->
<testsuite hostname="DESKTOP-57N6IEL" failures="0" tests="1" name="selenium1.SimpleLogin_FluentWait" time="34.670" errors="0" timestamp="2023-02-17T21:41:34 IST" skipped="0">
  <testcase classname="selenium1.SimpleLogin_FluentWait" name="demoMethod" time="34.670"/>
  <system-out/>
</testsuite> <!-- selenium1.SimpleLogin_FluentWait -->
