<?xml version="1.0" encoding="UTF-8"?>
<!-- Generated by org.testng.reporters.JUnitReportReporter -->
<testsuite hostname="DESKTOP-57N6IEL" failures="0" tests="3" name="testNg.ParallelClass1" time="0.021" errors="0" timestamp="2023-01-30T19:03:33 IST" skipped="0">
  <testcase classname="testNg.ParallelClass1" name="method1" time="0.012"/>
  <system-out/>
  <testcase classname="testNg.ParallelClass1" name="method2" time="0.004"/>
  <system-out/>
  <testcase classname="testNg.ParallelClass1" name="method3" time="0.005"/>
  <system-out/>
</testsuite> <!-- testNg.ParallelClass1 -->
