<?xml version="1.0" encoding="UTF-8"?>
<!-- Generated by org.testng.reporters.JUnitReportReporter -->
<testsuite hostname="DESKTOP-57N6IEL" failures="0" tests="2" name="testNg.DependentTestExample" time="0.015" errors="0" timestamp="2023-01-26T07:00:55 IST" skipped="0">
  <testcase classname="testNg.DependentTestExample" name="testmethod2" time="0.012"/>
  <system-out/>
  <testcase classname="testNg.DependentTestExample" name="testmethod1" time="0.003"/>
  <system-out/>
</testsuite> <!-- testNg.DependentTestExample -->
