<?xml version="1.0" encoding="UTF-8"?>
<!-- Generated by org.testng.reporters.JUnitReportReporter -->
<testsuite hostname="DESKTOP-57N6IEL" failures="0" tests="1" name="selenium1.HardAssertPracticeProgram" time="9.808" errors="0" timestamp="2023-03-10T10:37:28 IST" skipped="0">
  <testcase classname="selenium1.HardAssertPracticeProgram" name="loadURL_Login" time="9.808"/>
  <system-out/>
</testsuite> <!-- selenium1.HardAssertPracticeProgram -->
