<?xml version="1.0" encoding="UTF-8"?>
<!-- Generated by org.testng.reporters.JUnitReportReporter -->
<testsuite hostname="DESKTOP-57N6IEL" failures="0" tests="3" name="selenium1.ExtentReports3" time="0.012" errors="0" timestamp="2023-02-25T07:54:54 IST" skipped="0">
  <testcase classname="selenium1.ExtentReports3" name="functionality2Test2" time="0.004"/>
  <system-out/>
  <testcase classname="selenium1.ExtentReports3" name="functionality2Test1" time="0.002"/>
  <system-out/>
  <testcase classname="selenium1.ExtentReports3" name="functionality2Test3" time="0.006"/>
  <system-out/>
</testsuite> <!-- selenium1.ExtentReports3 -->
