<?xml version="1.0" encoding="UTF-8"?>
<!-- Generated by org.testng.reporters.JUnitReportReporter -->
<testsuite hostname="DESKTOP-57N6IEL" failures="0" tests="1" name="seleniumpracticepackage.GetTextGetAttributePractice" time="23.371" errors="0" timestamp="2023-03-05T20:13:47 IST" skipped="0">
  <testcase classname="seleniumpracticepackage.GetTextGetAttributePractice" name="loadURL_Login" time="23.371"/>
  <system-out/>
</testsuite> <!-- seleniumpracticepackage.GetTextGetAttributePractice -->
