<?xml version="1.0" encoding="UTF-8"?>
<!-- Generated by org.testng.reporters.JUnitReportReporter -->
<testsuite hostname="DESKTOP-57N6IEL" failures="0" tests="3" name="testNg.ParameterAnnotationExample" time="0.018" errors="0" timestamp="2023-01-31T09:58:21 IST" skipped="0">
  <testcase classname="testNg.ParameterAnnotationExample" name="method2" time="0.002"/>
  <system-out/>
  <testcase classname="testNg.ParameterAnnotationExample" name="method3" time="0.005"/>
  <system-out/>
  <testcase classname="testNg.ParameterAnnotationExample" name="method1" time="0.011"/>
  <system-out/>
</testsuite> <!-- testNg.ParameterAnnotationExample -->
