<?xml version="1.0" encoding="UTF-8"?>
<!-- Generated by org.testng.reporters.JUnitReportReporter -->
<testsuite hostname="DESKTOP-57N6IEL" failures="0" tests="1" name="selenium1.GetDropDownPgm" time="11.068" errors="0" timestamp="2023-03-10T20:47:53 IST" skipped="0">
  <testcase classname="selenium1.GetDropDownPgm" name="loginMethod" time="11.068"/>
  <system-out/>
</testsuite> <!-- selenium1.GetDropDownPgm -->
