<?xml version="1.0" encoding="UTF-8"?>
<!-- Generated by org.testng.reporters.JUnitReportReporter -->
<testsuite hostname="DESKTOP-57N6IEL" failures="0" tests="1" name="selenium1.SeleniumDemo_ByClass" time="23.258" errors="0" timestamp="2023-02-22T17:30:11 IST" skipped="0">
  <testcase classname="selenium1.SeleniumDemo_ByClass" name="loginMethod" time="23.258"/>
  <system-out/>
</testsuite> <!-- selenium1.SeleniumDemo_ByClass -->
