<?xml version="1.0" encoding="UTF-8"?>
<!-- Generated by org.testng.reporters.JUnitReportReporter -->
<testsuite hostname="DESKTOP-57N6IEL" failures="0" tests="1" name="seleniumpracticepackage.SeleniumDemo_ByClassPractice" time="19.722" errors="0" timestamp="2023-02-15T22:30:14 IST" skipped="0">
  <testcase classname="seleniumpracticepackage.SeleniumDemo_ByClassPractice" name="loginDemoUrl" time="19.722"/>
  <system-out/>
</testsuite> <!-- seleniumpracticepackage.SeleniumDemo_ByClassPractice -->
