<?xml version="1.0" encoding="UTF-8"?>
<!-- Generated by org.testng.reporters.JUnitReportReporter -->
<testsuite hostname="DESKTOP-57N6IEL" failures="0" tests="1" name="selenium1.TestClass1" time="0.013" errors="0" timestamp="2023-02-15T07:42:09 IST" skipped="0">
  <testcase classname="selenium1.TestClass1" name="testWhatsApp" time="0.013"/>
  <system-out/>
</testsuite> <!-- selenium1.TestClass1 -->
