<?xml version="1.0" encoding="UTF-8"?>
<!-- Generated by org.testng.reporters.JUnitReportReporter -->
<testsuite hostname="DESKTOP-57N6IEL" failures="0" tests="1" name="selenium1.PracticePageProgram" time="20.841" errors="0" timestamp="2023-03-15T06:25:02 IST" skipped="0">
  <testcase classname="selenium1.PracticePageProgram" name="practiceDemoUrl3" time="20.841"/>
  <system-out/>
</testsuite> <!-- selenium1.PracticePageProgram -->
