<?xml version="1.0" encoding="UTF-8"?>
<!-- Generated by org.testng.reporters.JUnitReportReporter -->
<testsuite hostname="DESKTOP-57N6IEL" failures="0" tests="1" name="selenium1.SeleniumDemo1" time="19.710" errors="0" timestamp="2023-03-08T20:29:17 IST" skipped="0">
  <testcase classname="selenium1.SeleniumDemo1" name="loginMethod" time="19.710"/>
  <system-out/>
</testsuite> <!-- selenium1.SeleniumDemo1 -->
