<?xml version="1.0" encoding="UTF-8"?>
<!-- Generated by org.testng.reporters.JUnitReportReporter -->
<testsuite hostname="DESKTOP-57N6IEL" failures="0" tests="6" name="testNg.DataProviderClass1" time="0.023" errors="0" timestamp="2023-01-27T10:49:53 IST" skipped="0">
  <testcase classname="testNg.DataProviderClass1" name="testmethod2" time="0.003"/>
  <system-out/>
  <testcase classname="testNg.DataProviderClass1" name="testmethod2" time="0.003"/>
  <system-out/>
  <testcase classname="testNg.DataProviderClass1" name="testmethod3" time="0.005"/>
  <system-out/>
  <testcase classname="testNg.DataProviderClass1" name="testmethod3" time="0.002"/>
  <system-out/>
  <testcase classname="testNg.DataProviderClass1" name="testmethod1" time="0.008"/>
  <system-out/>
  <testcase classname="testNg.DataProviderClass1" name="testmethod1" time="0.002"/>
  <system-out/>
</testsuite> <!-- testNg.DataProviderClass1 -->
